#
# There is insufficient memory for the Java Runtime Environment to continue.
# Native memory allocation (malloc) failed to allocate 1113744 bytes. Error detail: Chunk::new
# Possible reasons:
#   The system is out of physical RAM or swap space
#   This process is running with CompressedOops enabled, and the Java Heap may be blocking the growth of the native heap
# Possible solutions:
#   Reduce memory load on the system
#   Increase physical memory or swap space
#   Check if swap backing store is full
#   Decrease Java heap size (-Xmx/-Xms)
#   Decrease number of Java threads
#   Decrease Java thread stack sizes (-Xss)
#   Set larger code cache with -XX:ReservedCodeCacheSize=
#   JVM is running with Zero Based Compressed Oops mode in which the Java heap is
#     placed in the first 32GB address space. The Java Heap base address is the
#     maximum limit for the native heap growth. Please use -XX:HeapBaseMinAddress
#     to set the Java Heap base and to place the Java Heap above 32GB virtual address.
# This output file may be truncated or incomplete.
#
#  Out of Memory Error (arena.cpp:191), pid=81608, tid=44512
#
# JRE version: OpenJDK Runtime Environment (17.0.11) (build 17.0.11+0--11852314)
# Java VM: OpenJDK 64-Bit Server VM (17.0.11+0--11852314, mixed mode, tiered, compressed oops, compressed class ptrs, g1 gc, windows-amd64)
# No core dump will be written. Minidumps are not enabled by default on client versions of Windows
#

---------------  S U M M A R Y ------------

Command Line: -Dorg.gradle.appname=gradlew org.gradle.wrapper.GradleWrapperMain -q -Ptarget-platform=android-arm64 -Ptarget=C:\Users\Juman\OneDrive\Desktop\smartvehicle-main\lib\main.dart -Pbase-application-name=android.app.Application -Pdart-defines=RkxVVFRFUl9WRVJTSU9OPTMuMzIuOA==,RkxVVFRFUl9DSEFOTkVMPXN0YWJsZQ==,RkxVVFRFUl9HSVRfVVJMPWh0dHBzOi8vZ2l0aHViLmNvbS9mbHV0dGVyL2ZsdXR0ZXIuZ2l0,RkxVVFRFUl9GUkFNRVdPUktfUkVWSVNJT049ZWRhZGE3YzU2ZQ==,RkxVVFRFUl9FTkdJTkVfUkVWSVNJT049ZWYwY2QwMDA5MQ==,RkxVVFRFUl9EQVJUX1ZFUlNJT049My44LjE= -Pdart-obfuscation=false -Ptrack-widget-creation=true -Ptree-shake-icons=false -Pfilesystem-scheme=org-dartlang-root assembleDebug

Host: 13th Gen Intel(R) Core(TM) i7-1355U, 12 cores, 15G,  Windows 11 , 64 bit Build 26100 (10.0.26100.7019)
Time: Sun Dec 14 18:01:02 2025 Arabian Standard Time elapsed time: 8.477118 seconds (0d 0h 0m 8s)

---------------  T H R E A D  ---------------

Current thread (0x000001cfa24afff0):  JavaThread "C2 CompilerThread2" daemon [_thread_in_native, id=44512, stack(0x0000007eb5600000,0x0000007eb5700000)]


Current CompileTask:
C2:   8477  768       4       java.util.jar.JarFile::getEntry (35 bytes)

Stack: [0x0000007eb5600000,0x0000007eb5700000]
Native frames: (J=compiled Java code, j=interpreted, Vv=VM code, C=native code)
V  [jvm.dll+0x687bb9]
V  [jvm.dll+0x84142a]
V  [jvm.dll+0x8430ae]
V  [jvm.dll+0x843713]
V  [jvm.dll+0x24a35f]
V  [jvm.dll+0xac544]
V  [jvm.dll+0xacb8c]
V  [jvm.dll+0x369c37]
V  [jvm.dll+0x33416a]
V  [jvm.dll+0x33360a]
V  [jvm.dll+0x21bed1]
V  [jvm.dll+0x21b311]
V  [jvm.dll+0x1a63ed]
V  [jvm.dll+0x22b1ee]
V  [jvm.dll+0x229375]
V  [jvm.dll+0x7f5647]
V  [jvm.dll+0x7efa4a]
V  [jvm.dll+0x686a35]
C  [ucrtbase.dll+0x37b0]
C  [KERNEL32.DLL+0x2e8d7]
C  [ntdll.dll+0x8c53c]


---------------  P R O C E S S  ---------------

Threads class SMR info:
_java_thread_list=0x000001cfa23bbed0, length=14, elements={
0x000001cffee70180, 0x000001cfa2055ae0, 0x000001cfa20573c0, 0x000001cfa20a15e0,
0x000001cfa20a1eb0, 0x000001cfa20a2780, 0x000001cfa20a3050, 0x000001cfa20a3c50,
0x000001cfa20a4560, 0x000001cfa20a4e70, 0x000001cfa2248930, 0x000001cfa2254910,
0x000001cfa24af8c0, 0x000001cfa24afff0
}

Java Threads: ( => current thread )
  0x000001cffee70180 JavaThread "main" [_thread_in_native_trans, id=95600, stack(0x0000007eb4200000,0x0000007eb4300000)]
  0x000001cfa2055ae0 JavaThread "Reference Handler" daemon [_thread_blocked, id=80328, stack(0x0000007eb4900000,0x0000007eb4a00000)]
  0x000001cfa20573c0 JavaThread "Finalizer" daemon [_thread_blocked, id=70152, stack(0x0000007eb4a00000,0x0000007eb4b00000)]
  0x000001cfa20a15e0 JavaThread "Signal Dispatcher" daemon [_thread_blocked, id=75580, stack(0x0000007eb4b00000,0x0000007eb4c00000)]
  0x000001cfa20a1eb0 JavaThread "Attach Listener" daemon [_thread_blocked, id=65160, stack(0x0000007eb4c00000,0x0000007eb4d00000)]
  0x000001cfa20a2780 JavaThread "Service Thread" daemon [_thread_blocked, id=21256, stack(0x0000007eb4d00000,0x0000007eb4e00000)]
  0x000001cfa20a3050 JavaThread "Monitor Deflation Thread" daemon [_thread_blocked, id=50316, stack(0x0000007eb4e00000,0x0000007eb4f00000)]
  0x000001cfa20a3c50 JavaThread "C2 CompilerThread0" daemon [_thread_blocked, id=34884, stack(0x0000007eb4f00000,0x0000007eb5000000)]
  0x000001cfa20a4560 JavaThread "C1 CompilerThread0" daemon [_thread_in_native, id=99596, stack(0x0000007eb5000000,0x0000007eb5100000)]
  0x000001cfa20a4e70 JavaThread "Sweeper thread" daemon [_thread_blocked, id=101340, stack(0x0000007eb5100000,0x0000007eb5200000)]
  0x000001cfa2248930 JavaThread "Notification Thread" daemon [_thread_blocked, id=95592, stack(0x0000007eb5200000,0x0000007eb5300000)]
  0x000001cfa2254910 JavaThread "Common-Cleaner" daemon [_thread_blocked, id=76928, stack(0x0000007eb5400000,0x0000007eb5500000)]
  0x000001cfa24af8c0 JavaThread "C2 CompilerThread1" daemon [_thread_blocked, id=127884, stack(0x0000007eb5500000,0x0000007eb5600000)]
=>0x000001cfa24afff0 JavaThread "C2 CompilerThread2" daemon [_thread_in_native, id=44512, stack(0x0000007eb5600000,0x0000007eb5700000)]

Other Threads:
  0x000001cfa20837f0 VMThread "VM Thread" [stack: 0x0000007eb4800000,0x0000007eb4900000] [id=36744]
  0x000001cfa21b6450 WatcherThread [stack: 0x0000007eb5300000,0x0000007eb5400000] [id=55352]
  0x000001cffeedde90 GCTaskThread "GC Thread#0" [stack: 0x0000007eb4300000,0x0000007eb4400000] [id=3032]
  0x000001cfa25c8270 GCTaskThread "GC Thread#1" [stack: 0x0000007eb5700000,0x0000007eb5800000] [id=76704]
  0x000001cfa25c8530 GCTaskThread "GC Thread#2" [stack: 0x0000007eb5800000,0x0000007eb5900000] [id=67752]
  0x000001cfa25c87f0 GCTaskThread "GC Thread#3" [stack: 0x0000007eb5900000,0x0000007eb5a00000] [id=92012]
  0x000001cfa25c8ab0 GCTaskThread "GC Thread#4" [stack: 0x0000007eb5a00000,0x0000007eb5b00000] [id=90856]
  0x000001cfa2508110 GCTaskThread "GC Thread#5" [stack: 0x0000007eb5b00000,0x0000007eb5c00000] [id=50196]
  0x000001cffeeef3d0 ConcurrentGCThread "G1 Main Marker" [stack: 0x0000007eb4400000,0x0000007eb4500000] [id=131640]
  0x000001cffeeefc00 ConcurrentGCThread "G1 Conc#0" [stack: 0x0000007eb4500000,0x0000007eb4600000] [id=18092]
  0x000001cf9d9a5e40 ConcurrentGCThread "G1 Refine#0" [stack: 0x0000007eb4600000,0x0000007eb4700000] [id=36336]
  0x000001cf9d9a7530 ConcurrentGCThread "G1 Service" [stack: 0x0000007eb4700000,0x0000007eb4800000] [id=128324]

Threads with active compile tasks:
C1 CompilerThread0     8512  838   !   3       sun.nio.fs.WindowsPath::initOffsets (153 bytes)
C2 CompilerThread2     8512  768       4       java.util.jar.JarFile::getEntry (35 bytes)

VM state: not at safepoint (normal execution)

VM Mutex/Monitor currently owned by a thread: None

Heap address: 0x0000000704e00000, size: 4018 MB, Compressed Oops mode: Zero based, Oop shift amount: 3

CDS archive(s) not mapped
Compressed class space mapped at: 0x0000000800000000-0x0000000840000000, reserved size: 1073741824
Narrow klass base: 0x0000000800000000, Narrow klass shift: 0, Narrow klass range: 0x40000000

GC Precious Log:
 CPUs: 12 total, 12 available
 Memory: 16068M
 Large Page Support: Disabled
 NUMA Support: Disabled
 Compressed Oops: Enabled (Zero based)
 Heap Region Size: 2M
 Heap Min Capacity: 8M
 Heap Initial Capacity: 252M
 Heap Max Capacity: 4018M
 Pre-touch: Disabled
 Parallel Workers: 10
 Concurrent Workers: 3
 Concurrent Refinement Workers: 10
 Periodic GC: Disabled

Heap:
 garbage-first heap   total 258048K, used 14869K [0x0000000704e00000, 0x0000000800000000)
  region size 2048K, 7 young (14336K), 2 survivors (4096K)
 Metaspace       used 9738K, committed 9984K, reserved 1114112K
  class space    used 908K, committed 1024K, reserved 1048576K

Heap Regions: E=young(eden), S=young(survivor), O=old, HS=humongous(starts), HC=humongous(continues), CS=collection set, F=free, OA=open archive, CA=closed archive, TAMS=top-at-mark-start (previous, next)
|   0|0x0000000704e00000, 0x0000000705000000, 0x0000000705000000|100%|HS|  |TAMS 0x0000000704e00000, 0x0000000704e00000| Complete 
|   1|0x0000000705000000, 0x0000000705200000, 0x0000000705200000|100%|HC|  |TAMS 0x0000000705000000, 0x0000000705000000| Complete 
|   2|0x0000000705200000, 0x0000000705200000, 0x0000000705400000|  0%| F|  |TAMS 0x0000000705200000, 0x0000000705200000| Untracked 
|   3|0x0000000705400000, 0x0000000705400000, 0x0000000705600000|  0%| F|  |TAMS 0x0000000705400000, 0x0000000705400000| Untracked 
|   4|0x0000000705600000, 0x0000000705600000, 0x0000000705800000|  0%| F|  |TAMS 0x0000000705600000, 0x0000000705600000| Untracked 
|   5|0x0000000705800000, 0x0000000705800000, 0x0000000705a00000|  0%| F|  |TAMS 0x0000000705800000, 0x0000000705800000| Untracked 
|   6|0x0000000705a00000, 0x0000000705a00000, 0x0000000705c00000|  0%| F|  |TAMS 0x0000000705a00000, 0x0000000705a00000| Untracked 
|   7|0x0000000705c00000, 0x0000000705c00000, 0x0000000705e00000|  0%| F|  |TAMS 0x0000000705c00000, 0x0000000705c00000| Untracked 
|   8|0x0000000705e00000, 0x0000000705e00000, 0x0000000706000000|  0%| F|  |TAMS 0x0000000705e00000, 0x0000000705e00000| Untracked 
|   9|0x0000000706000000, 0x0000000706000000, 0x0000000706200000|  0%| F|  |TAMS 0x0000000706000000, 0x0000000706000000| Untracked 
|  10|0x0000000706200000, 0x0000000706200000, 0x0000000706400000|  0%| F|  |TAMS 0x0000000706200000, 0x0000000706200000| Untracked 
|  11|0x0000000706400000, 0x0000000706400000, 0x0000000706600000|  0%| F|  |TAMS 0x0000000706400000, 0x0000000706400000| Untracked 
|  12|0x0000000706600000, 0x0000000706600000, 0x0000000706800000|  0%| F|  |TAMS 0x0000000706600000, 0x0000000706600000| Untracked 
|  13|0x0000000706800000, 0x0000000706800000, 0x0000000706a00000|  0%| F|  |TAMS 0x0000000706800000, 0x0000000706800000| Untracked 
|  14|0x0000000706a00000, 0x0000000706a00000, 0x0000000706c00000|  0%| F|  |TAMS 0x0000000706a00000, 0x0000000706a00000| Untracked 
|  15|0x0000000706c00000, 0x0000000706c00000, 0x0000000706e00000|  0%| F|  |TAMS 0x0000000706c00000, 0x0000000706c00000| Untracked 
|  16|0x0000000706e00000, 0x0000000706e00000, 0x0000000707000000|  0%| F|  |TAMS 0x0000000706e00000, 0x0000000706e00000| Untracked 
|  17|0x0000000707000000, 0x0000000707000000, 0x0000000707200000|  0%| F|  |TAMS 0x0000000707000000, 0x0000000707000000| Untracked 
|  18|0x0000000707200000, 0x0000000707200000, 0x0000000707400000|  0%| F|  |TAMS 0x0000000707200000, 0x0000000707200000| Untracked 
|  19|0x0000000707400000, 0x0000000707400000, 0x0000000707600000|  0%| F|  |TAMS 0x0000000707400000, 0x0000000707400000| Untracked 
|  20|0x0000000707600000, 0x0000000707600000, 0x0000000707800000|  0%| F|  |TAMS 0x0000000707600000, 0x0000000707600000| Untracked 
|  21|0x0000000707800000, 0x0000000707800000, 0x0000000707a00000|  0%| F|  |TAMS 0x0000000707800000, 0x0000000707800000| Untracked 
|  22|0x0000000707a00000, 0x0000000707a00000, 0x0000000707c00000|  0%| F|  |TAMS 0x0000000707a00000, 0x0000000707a00000| Untracked 
|  23|0x0000000707c00000, 0x0000000707c00000, 0x0000000707e00000|  0%| F|  |TAMS 0x0000000707c00000, 0x0000000707c00000| Untracked 
|  24|0x0000000707e00000, 0x0000000707e00000, 0x0000000708000000|  0%| F|  |TAMS 0x0000000707e00000, 0x0000000707e00000| Untracked 
|  25|0x0000000708000000, 0x0000000708000000, 0x0000000708200000|  0%| F|  |TAMS 0x0000000708000000, 0x0000000708000000| Untracked 
|  26|0x0000000708200000, 0x0000000708200000, 0x0000000708400000|  0%| F|  |TAMS 0x0000000708200000, 0x0000000708200000| Untracked 
|  27|0x0000000708400000, 0x0000000708400000, 0x0000000708600000|  0%| F|  |TAMS 0x0000000708400000, 0x0000000708400000| Untracked 
|  28|0x0000000708600000, 0x0000000708600000, 0x0000000708800000|  0%| F|  |TAMS 0x0000000708600000, 0x0000000708600000| Untracked 
|  29|0x0000000708800000, 0x0000000708800000, 0x0000000708a00000|  0%| F|  |TAMS 0x0000000708800000, 0x0000000708800000| Untracked 
|  30|0x0000000708a00000, 0x0000000708a00000, 0x0000000708c00000|  0%| F|  |TAMS 0x0000000708a00000, 0x0000000708a00000| Untracked 
|  31|0x0000000708c00000, 0x0000000708c00000, 0x0000000708e00000|  0%| F|  |TAMS 0x0000000708c00000, 0x0000000708c00000| Untracked 
|  32|0x0000000708e00000, 0x0000000708e00000, 0x0000000709000000|  0%| F|  |TAMS 0x0000000708e00000, 0x0000000708e00000| Untracked 
|  33|0x0000000709000000, 0x0000000709000000, 0x0000000709200000|  0%| F|  |TAMS 0x0000000709000000, 0x0000000709000000| Untracked 
|  34|0x0000000709200000, 0x0000000709200000, 0x0000000709400000|  0%| F|  |TAMS 0x0000000709200000, 0x0000000709200000| Untracked 
|  35|0x0000000709400000, 0x0000000709400000, 0x0000000709600000|  0%| F|  |TAMS 0x0000000709400000, 0x0000000709400000| Untracked 
|  36|0x0000000709600000, 0x0000000709600000, 0x0000000709800000|  0%| F|  |TAMS 0x0000000709600000, 0x0000000709600000| Untracked 
|  37|0x0000000709800000, 0x0000000709800000, 0x0000000709a00000|  0%| F|  |TAMS 0x0000000709800000, 0x0000000709800000| Untracked 
|  38|0x0000000709a00000, 0x0000000709a00000, 0x0000000709c00000|  0%| F|  |TAMS 0x0000000709a00000, 0x0000000709a00000| Untracked 
|  39|0x0000000709c00000, 0x0000000709c00000, 0x0000000709e00000|  0%| F|  |TAMS 0x0000000709c00000, 0x0000000709c00000| Untracked 
|  40|0x0000000709e00000, 0x0000000709e00000, 0x000000070a000000|  0%| F|  |TAMS 0x0000000709e00000, 0x0000000709e00000| Untracked 
|  41|0x000000070a000000, 0x000000070a000000, 0x000000070a200000|  0%| F|  |TAMS 0x000000070a000000, 0x000000070a000000| Untracked 
|  42|0x000000070a200000, 0x000000070a200000, 0x000000070a400000|  0%| F|  |TAMS 0x000000070a200000, 0x000000070a200000| Untracked 
|  43|0x000000070a400000, 0x000000070a400000, 0x000000070a600000|  0%| F|  |TAMS 0x000000070a400000, 0x000000070a400000| Untracked 
|  44|0x000000070a600000, 0x000000070a600000, 0x000000070a800000|  0%| F|  |TAMS 0x000000070a600000, 0x000000070a600000| Untracked 
|  45|0x000000070a800000, 0x000000070a800000, 0x000000070aa00000|  0%| F|  |TAMS 0x000000070a800000, 0x000000070a800000| Untracked 
|  46|0x000000070aa00000, 0x000000070aa00000, 0x000000070ac00000|  0%| F|  |TAMS 0x000000070aa00000, 0x000000070aa00000| Untracked 
|  47|0x000000070ac00000, 0x000000070ac00000, 0x000000070ae00000|  0%| F|  |TAMS 0x000000070ac00000, 0x000000070ac00000| Untracked 
|  48|0x000000070ae00000, 0x000000070ae00000, 0x000000070b000000|  0%| F|  |TAMS 0x000000070ae00000, 0x000000070ae00000| Untracked 
|  49|0x000000070b000000, 0x000000070b000000, 0x000000070b200000|  0%| F|  |TAMS 0x000000070b000000, 0x000000070b000000| Untracked 
|  50|0x000000070b200000, 0x000000070b200000, 0x000000070b400000|  0%| F|  |TAMS 0x000000070b200000, 0x000000070b200000| Untracked 
|  51|0x000000070b400000, 0x000000070b400000, 0x000000070b600000|  0%| F|  |TAMS 0x000000070b400000, 0x000000070b400000| Untracked 
|  52|0x000000070b600000, 0x000000070b600000, 0x000000070b800000|  0%| F|  |TAMS 0x000000070b600000, 0x000000070b600000| Untracked 
|  53|0x000000070b800000, 0x000000070b800000, 0x000000070ba00000|  0%| F|  |TAMS 0x000000070b800000, 0x000000070b800000| Untracked 
|  54|0x000000070ba00000, 0x000000070ba00000, 0x000000070bc00000|  0%| F|  |TAMS 0x000000070ba00000, 0x000000070ba00000| Untracked 
|  55|0x000000070bc00000, 0x000000070bc00000, 0x000000070be00000|  0%| F|  |TAMS 0x000000070bc00000, 0x000000070bc00000| Untracked 
|  56|0x000000070be00000, 0x000000070be00000, 0x000000070c000000|  0%| F|  |TAMS 0x000000070be00000, 0x000000070be00000| Untracked 
|  57|0x000000070c000000, 0x000000070c000000, 0x000000070c200000|  0%| F|  |TAMS 0x000000070c000000, 0x000000070c000000| Untracked 
|  58|0x000000070c200000, 0x000000070c200000, 0x000000070c400000|  0%| F|  |TAMS 0x000000070c200000, 0x000000070c200000| Untracked 
|  59|0x000000070c400000, 0x000000070c400000, 0x000000070c600000|  0%| F|  |TAMS 0x000000070c400000, 0x000000070c400000| Untracked 
|  60|0x000000070c600000, 0x000000070c600000, 0x000000070c800000|  0%| F|  |TAMS 0x000000070c600000, 0x000000070c600000| Untracked 
|  61|0x000000070c800000, 0x000000070c800000, 0x000000070ca00000|  0%| F|  |TAMS 0x000000070c800000, 0x000000070c800000| Untracked 
|  62|0x000000070ca00000, 0x000000070ca00000, 0x000000070cc00000|  0%| F|  |TAMS 0x000000070ca00000, 0x000000070ca00000| Untracked 
|  63|0x000000070cc00000, 0x000000070cc00000, 0x000000070ce00000|  0%| F|  |TAMS 0x000000070cc00000, 0x000000070cc00000| Untracked 
|  64|0x000000070ce00000, 0x000000070ce00000, 0x000000070d000000|  0%| F|  |TAMS 0x000000070ce00000, 0x000000070ce00000| Untracked 
|  65|0x000000070d000000, 0x000000070d000000, 0x000000070d200000|  0%| F|  |TAMS 0x000000070d000000, 0x000000070d000000| Untracked 
|  66|0x000000070d200000, 0x000000070d200000, 0x000000070d400000|  0%| F|  |TAMS 0x000000070d200000, 0x000000070d200000| Untracked 
|  67|0x000000070d400000, 0x000000070d400000, 0x000000070d600000|  0%| F|  |TAMS 0x000000070d400000, 0x000000070d400000| Untracked 
|  68|0x000000070d600000, 0x000000070d600000, 0x000000070d800000|  0%| F|  |TAMS 0x000000070d600000, 0x000000070d600000| Untracked 
|  69|0x000000070d800000, 0x000000070d800000, 0x000000070da00000|  0%| F|  |TAMS 0x000000070d800000, 0x000000070d800000| Untracked 
|  70|0x000000070da00000, 0x000000070da00000, 0x000000070dc00000|  0%| F|  |TAMS 0x000000070da00000, 0x000000070da00000| Untracked 
|  71|0x000000070dc00000, 0x000000070dc00000, 0x000000070de00000|  0%| F|  |TAMS 0x000000070dc00000, 0x000000070dc00000| Untracked 
|  72|0x000000070de00000, 0x000000070de00000, 0x000000070e000000|  0%| F|  |TAMS 0x000000070de00000, 0x000000070de00000| Untracked 
|  73|0x000000070e000000, 0x000000070e000000, 0x000000070e200000|  0%| F|  |TAMS 0x000000070e000000, 0x000000070e000000| Untracked 
|  74|0x000000070e200000, 0x000000070e200000, 0x000000070e400000|  0%| F|  |TAMS 0x000000070e200000, 0x000000070e200000| Untracked 
|  75|0x000000070e400000, 0x000000070e400000, 0x000000070e600000|  0%| F|  |TAMS 0x000000070e400000, 0x000000070e400000| Untracked 
|  76|0x000000070e600000, 0x000000070e600000, 0x000000070e800000|  0%| F|  |TAMS 0x000000070e600000, 0x000000070e600000| Untracked 
|  77|0x000000070e800000, 0x000000070e800000, 0x000000070ea00000|  0%| F|  |TAMS 0x000000070e800000, 0x000000070e800000| Untracked 
|  78|0x000000070ea00000, 0x000000070ea00000, 0x000000070ec00000|  0%| F|  |TAMS 0x000000070ea00000, 0x000000070ea00000| Untracked 
|  79|0x000000070ec00000, 0x000000070ec00000, 0x000000070ee00000|  0%| F|  |TAMS 0x000000070ec00000, 0x000000070ec00000| Untracked 
|  80|0x000000070ee00000, 0x000000070ee00000, 0x000000070f000000|  0%| F|  |TAMS 0x000000070ee00000, 0x000000070ee00000| Untracked 
|  81|0x000000070f000000, 0x000000070f000000, 0x000000070f200000|  0%| F|  |TAMS 0x000000070f000000, 0x000000070f000000| Untracked 
|  82|0x000000070f200000, 0x000000070f200000, 0x000000070f400000|  0%| F|  |TAMS 0x000000070f200000, 0x000000070f200000| Untracked 
|  83|0x000000070f400000, 0x000000070f400000, 0x000000070f600000|  0%| F|  |TAMS 0x000000070f400000, 0x000000070f400000| Untracked 
|  84|0x000000070f600000, 0x000000070f600000, 0x000000070f800000|  0%| F|  |TAMS 0x000000070f600000, 0x000000070f600000| Untracked 
|  85|0x000000070f800000, 0x000000070f800000, 0x000000070fa00000|  0%| F|  |TAMS 0x000000070f800000, 0x000000070f800000| Untracked 
|  86|0x000000070fa00000, 0x000000070fa00000, 0x000000070fc00000|  0%| F|  |TAMS 0x000000070fa00000, 0x000000070fa00000| Untracked 
|  87|0x000000070fc00000, 0x000000070fc00000, 0x000000070fe00000|  0%| F|  |TAMS 0x000000070fc00000, 0x000000070fc00000| Untracked 
|  88|0x000000070fe00000, 0x000000070fe00000, 0x0000000710000000|  0%| F|  |TAMS 0x000000070fe00000, 0x000000070fe00000| Untracked 
|  89|0x0000000710000000, 0x0000000710000000, 0x0000000710200000|  0%| F|  |TAMS 0x0000000710000000, 0x0000000710000000| Untracked 
|  90|0x0000000710200000, 0x0000000710200000, 0x0000000710400000|  0%| F|  |TAMS 0x0000000710200000, 0x0000000710200000| Untracked 
|  91|0x0000000710400000, 0x0000000710400000, 0x0000000710600000|  0%| F|  |TAMS 0x0000000710400000, 0x0000000710400000| Untracked 
|  92|0x0000000710600000, 0x0000000710600000, 0x0000000710800000|  0%| F|  |TAMS 0x0000000710600000, 0x0000000710600000| Untracked 
|  93|0x0000000710800000, 0x0000000710800000, 0x0000000710a00000|  0%| F|  |TAMS 0x0000000710800000, 0x0000000710800000| Untracked 
|  94|0x0000000710a00000, 0x0000000710a00000, 0x0000000710c00000|  0%| F|  |TAMS 0x0000000710a00000, 0x0000000710a00000| Untracked 
|  95|0x0000000710c00000, 0x0000000710c00000, 0x0000000710e00000|  0%| F|  |TAMS 0x0000000710c00000, 0x0000000710c00000| Untracked 
|  96|0x0000000710e00000, 0x0000000710e00000, 0x0000000711000000|  0%| F|  |TAMS 0x0000000710e00000, 0x0000000710e00000| Untracked 
|  97|0x0000000711000000, 0x0000000711000000, 0x0000000711200000|  0%| F|  |TAMS 0x0000000711000000, 0x0000000711000000| Untracked 
|  98|0x0000000711200000, 0x0000000711200000, 0x0000000711400000|  0%| F|  |TAMS 0x0000000711200000, 0x0000000711200000| Untracked 
|  99|0x0000000711400000, 0x0000000711400000, 0x0000000711600000|  0%| F|  |TAMS 0x0000000711400000, 0x0000000711400000| Untracked 
| 100|0x0000000711600000, 0x0000000711600000, 0x0000000711800000|  0%| F|  |TAMS 0x0000000711600000, 0x0000000711600000| Untracked 
| 101|0x0000000711800000, 0x0000000711800000, 0x0000000711a00000|  0%| F|  |TAMS 0x0000000711800000, 0x0000000711800000| Untracked 
| 102|0x0000000711a00000, 0x0000000711a00000, 0x0000000711c00000|  0%| F|  |TAMS 0x0000000711a00000, 0x0000000711a00000| Untracked 
| 103|0x0000000711c00000, 0x0000000711c00000, 0x0000000711e00000|  0%| F|  |TAMS 0x0000000711c00000, 0x0000000711c00000| Untracked 
| 104|0x0000000711e00000, 0x0000000711e00000, 0x0000000712000000|  0%| F|  |TAMS 0x0000000711e00000, 0x0000000711e00000| Untracked 
| 105|0x0000000712000000, 0x0000000712000000, 0x0000000712200000|  0%| F|  |TAMS 0x0000000712000000, 0x0000000712000000| Untracked 
| 106|0x0000000712200000, 0x0000000712200000, 0x0000000712400000|  0%| F|  |TAMS 0x0000000712200000, 0x0000000712200000| Untracked 
| 107|0x0000000712400000, 0x0000000712400000, 0x0000000712600000|  0%| F|  |TAMS 0x0000000712400000, 0x0000000712400000| Untracked 
| 108|0x0000000712600000, 0x0000000712600000, 0x0000000712800000|  0%| F|  |TAMS 0x0000000712600000, 0x0000000712600000| Untracked 
| 109|0x0000000712800000, 0x0000000712800000, 0x0000000712a00000|  0%| F|  |TAMS 0x0000000712800000, 0x0000000712800000| Untracked 
| 110|0x0000000712a00000, 0x0000000712a00000, 0x0000000712c00000|  0%| F|  |TAMS 0x0000000712a00000, 0x0000000712a00000| Untracked 
| 111|0x0000000712c00000, 0x0000000712c00000, 0x0000000712e00000|  0%| F|  |TAMS 0x0000000712c00000, 0x0000000712c00000| Untracked 
| 112|0x0000000712e00000, 0x0000000712e00000, 0x0000000713000000|  0%| F|  |TAMS 0x0000000712e00000, 0x0000000712e00000| Untracked 
| 113|0x0000000713000000, 0x0000000713085520, 0x0000000713200000| 26%| S|CS|TAMS 0x0000000713000000, 0x0000000713000000| Complete 
| 114|0x0000000713200000, 0x0000000713400000, 0x0000000713400000|100%| S|CS|TAMS 0x0000000713200000, 0x0000000713200000| Complete 
| 115|0x0000000713400000, 0x0000000713400000, 0x0000000713600000|  0%| F|  |TAMS 0x0000000713400000, 0x0000000713400000| Untracked 
| 116|0x0000000713600000, 0x0000000713600000, 0x0000000713800000|  0%| F|  |TAMS 0x0000000713600000, 0x0000000713600000| Untracked 
| 117|0x0000000713800000, 0x0000000713800000, 0x0000000713a00000|  0%| F|  |TAMS 0x0000000713800000, 0x0000000713800000| Untracked 
| 118|0x0000000713a00000, 0x0000000713a00000, 0x0000000713c00000|  0%| F|  |TAMS 0x0000000713a00000, 0x0000000713a00000| Untracked 
| 119|0x0000000713c00000, 0x0000000713c00000, 0x0000000713e00000|  0%| F|  |TAMS 0x0000000713c00000, 0x0000000713c00000| Untracked 
| 120|0x0000000713e00000, 0x0000000713e00000, 0x0000000714000000|  0%| F|  |TAMS 0x0000000713e00000, 0x0000000713e00000| Untracked 
| 121|0x0000000714000000, 0x00000007140b2a98, 0x0000000714200000| 34%| E|  |TAMS 0x0000000714000000, 0x0000000714000000| Complete 
| 122|0x0000000714200000, 0x0000000714400000, 0x0000000714400000|100%| E|CS|TAMS 0x0000000714200000, 0x0000000714200000| Complete 
| 123|0x0000000714400000, 0x0000000714600000, 0x0000000714600000|100%| E|CS|TAMS 0x0000000714400000, 0x0000000714400000| Complete 
| 124|0x0000000714600000, 0x0000000714800000, 0x0000000714800000|100%| E|CS|TAMS 0x0000000714600000, 0x0000000714600000| Complete 
| 125|0x0000000714800000, 0x0000000714a00000, 0x0000000714a00000|100%| E|CS|TAMS 0x0000000714800000, 0x0000000714800000| Complete 

Card table byte_map: [0x000001cf92420000,0x000001cf92c00000] _byte_map_base: 0x000001cf8ebf9000

Marking Bits (Prev, Next): (CMBitMap*) 0x000001cffeede2c0, (CMBitMap*) 0x000001cffeede300
 Prev Bits: [0x000001cf933e0000, 0x000001cf972a8000)
 Next Bits: [0x000001cf972b0000, 0x000001cf9b178000)

Polling page: 0x000001cffcbb0000

Metaspace:

Usage:
  Non-class:      8.64 MB used.
      Class:    912.60 KB used.
       Both:      9.53 MB used.

Virtual space:
  Non-class space:       64.00 MB reserved,       8.75 MB ( 14%) committed,  1 nodes.
      Class space:        1.00 GB reserved,       1.00 MB ( <1%) committed,  1 nodes.
             Both:        1.06 GB reserved,       9.75 MB ( <1%) committed. 

Chunk freelists:
   Non-Class:  6.79 MB
       Class:  15.03 MB
        Both:  21.83 MB

MaxMetaspaceSize: unlimited
CompressedClassSpaceSize: 1.00 GB
Initial GC threshold: 21.00 MB
Current GC threshold: 21.00 MB
CDS: off
MetaspaceReclaimPolicy: balanced
 - commit_granule_bytes: 65536.
 - commit_granule_words: 8192.
 - virtual_space_node_default_size: 8388608.
 - enlarge_chunks_in_place: 1.
 - new_chunks_are_fully_committed: 0.
 - uncommit_free_chunks: 1.
 - use_allocation_guard: 0.
 - handle_deallocations: 1.


Internal statistics:

num_allocs_failed_limit: 0.
num_arena_births: 16.
num_arena_deaths: 0.
num_vsnodes_births: 2.
num_vsnodes_deaths: 0.
num_space_committed: 156.
num_space_uncommitted: 0.
num_chunks_returned_to_freelist: 0.
num_chunks_taken_from_freelist: 81.
num_chunk_merges: 0.
num_chunk_splits: 45.
num_chunks_enlarged: 38.
num_inconsistent_stats: 0.

CodeHeap 'non-profiled nmethods': size=120000Kb used=389Kb max_used=389Kb free=119610Kb
 bounds [0x000001cf8aef0000, 0x000001cf8b160000, 0x000001cf92420000]
CodeHeap 'profiled nmethods': size=120000Kb used=1606Kb max_used=1606Kb free=118393Kb
 bounds [0x000001cf83420000, 0x000001cf83690000, 0x000001cf8a950000]
CodeHeap 'non-nmethods': size=5760Kb used=1126Kb max_used=1162Kb free=4633Kb
 bounds [0x000001cf8a950000, 0x000001cf8abc0000, 0x000001cf8aef0000]
 total_blobs=1257 nmethods=848 adapters=322
 compilation: enabled
              stopped_count=0, restarted_count=0
 full_count=0

Compilation events (20 events):
Event: 6.439 Thread 0x000001cfa20a4560  805       3       java.util.zip.ZipFile$ZipFileInputStream::initDataOffset (117 bytes)
Event: 6.440 Thread 0x000001cfa20a4560 nmethod 805 0x000001cf83594a10 code [0x000001cf83594c40, 0x000001cf83595488]
Event: 6.440 Thread 0x000001cfa20a4560  806       3       java.util.zip.ZipUtils::LOCNAM (7 bytes)
Event: 6.440 Thread 0x000001cfa20a4560 nmethod 806 0x000001cf83595810 code [0x000001cf835959a0, 0x000001cf83595b58]
Event: 6.440 Thread 0x000001cfa20a4560  807       3       java.util.zip.ZipUtils::LOCEXT (7 bytes)
Event: 6.440 Thread 0x000001cfa20a4560 nmethod 807 0x000001cf83595c90 code [0x000001cf83595e20, 0x000001cf83595fd8]
Event: 6.440 Thread 0x000001cfa20a4560  808   !   3       java.util.zip.ZipFile$Source::readAt (39 bytes)
Event: 6.441 Thread 0x000001cfa20a4560 nmethod 808 0x000001cf83596110 code [0x000001cf83596300, 0x000001cf835967a8]
Event: 6.441 Thread 0x000001cfa20a4560  809   !   3       java.util.zip.Inflater::setInput (69 bytes)
Event: 6.441 Thread 0x000001cfa20a4560 nmethod 809 0x000001cf83596b10 code [0x000001cf83596ce0, 0x000001cf83597108]
Event: 7.460 Thread 0x000001cfa20a3c50 nmethod 775 0x000001cf8af49b10 code [0x000001cf8af49e20, 0x000001cf8af4be78]
Event: 7.461 Thread 0x000001cfa20a4560  813       1       java.lang.invoke.MethodTypeForm::erasedType (5 bytes)
Event: 7.461 Thread 0x000001cfa20a4560 nmethod 813 0x000001cf8af4db90 code [0x000001cf8af4dd20, 0x000001cf8af4ddf8]
Event: 7.465 Thread 0x000001cfa20a4560  814       1       java.lang.module.ModuleDescriptor::isOpen (5 bytes)
Event: 7.465 Thread 0x000001cfa20a4560 nmethod 814 0x000001cf8af4de90 code [0x000001cf8af4e020, 0x000001cf8af4e0f8]
Event: 7.465 Thread 0x000001cfa20a4560  815       3       jdk.internal.org.objectweb.asm.SymbolTable::addConstantUtf8Reference (101 bytes)
Event: 7.465 Thread 0x000001cfa24af8c0  817       4       jdk.internal.org.objectweb.asm.SymbolTable::get (13 bytes)
Event: 7.466 Thread 0x000001cfa20a4560 nmethod 815 0x000001cf83597290 code [0x000001cf835974a0, 0x000001cf83597a98]
Event: 7.466 Thread 0x000001cfa20a4560  818       3       jdk.internal.org.objectweb.asm.Frame::execute (2305 bytes)
Event: 7.466 Thread 0x000001cfa24af8c0 nmethod 817 0x000001cf8af4e190 code [0x000001cf8af4e300, 0x000001cf8af4e3d8]

GC Heap History (2 events):
Event: 4.029 GC heap before
{Heap before GC invocations=0 (full 0):
 garbage-first heap   total 258048K, used 20480K [0x0000000704e00000, 0x0000000800000000)
  region size 2048K, 11 young (22528K), 0 survivors (0K)
 Metaspace       used 8501K, committed 8640K, reserved 1114112K
  class space    used 742K, committed 768K, reserved 1048576K
}
Event: 4.044 GC heap after
{Heap after GC invocations=1 (full 0):
 garbage-first heap   total 258048K, used 2581K [0x0000000704e00000, 0x0000000800000000)
  region size 2048K, 2 young (4096K), 2 survivors (4096K)
 Metaspace       used 8501K, committed 8640K, reserved 1114112K
  class space    used 742K, committed 768K, reserved 1048576K
}

Dll operation events (2 events):
Event: 0.013 Loaded shared library C:\Program Files\Android\Android Studio\jbr\bin\java.dll
Event: 1.308 Loaded shared library C:\Program Files\Android\Android Studio\jbr\bin\verify.dll

Deoptimization events (20 events):
Event: 4.277 Thread 0x000001cffee70180 Uncommon trap: trap_request=0xffffff45 fr.pc=0x000001cf8af29558 relative=0x0000000000000998
Event: 4.277 Thread 0x000001cffee70180 Uncommon trap: reason=unstable_if action=reinterpret pc=0x000001cf8af29558 method=java.util.zip.ZipCoder$UTF8ZipCoder.checkedHash([BII)I @ 27 c2
Event: 4.277 Thread 0x000001cffee70180 DEOPT PACKING pc=0x000001cf8af29558 sp=0x0000007eb42fbad0
Event: 4.277 Thread 0x000001cffee70180 DEOPT UNPACKING pc=0x000001cf8a9a69a3 sp=0x0000007eb42fba28 mode 2
Event: 4.277 Thread 0x000001cffee70180 Uncommon trap: trap_request=0xffffff45 fr.pc=0x000001cf8aefaf40 relative=0x00000000000001c0
Event: 4.277 Thread 0x000001cffee70180 Uncommon trap: reason=unstable_if action=reinterpret pc=0x000001cf8aefaf40 method=java.lang.String.hashCode()I @ 20 c2
Event: 4.277 Thread 0x000001cffee70180 DEOPT PACKING pc=0x000001cf8aefaf40 sp=0x0000007eb42fb960
Event: 4.277 Thread 0x000001cffee70180 DEOPT UNPACKING pc=0x000001cf8a9a69a3 sp=0x0000007eb42fb8f0 mode 2
Event: 4.277 Thread 0x000001cffee70180 Uncommon trap: trap_request=0xffffff45 fr.pc=0x000001cf8af2ac18 relative=0x0000000000000178
Event: 4.277 Thread 0x000001cffee70180 Uncommon trap: reason=unstable_if action=reinterpret pc=0x000001cf8af2ac18 method=java.util.zip.ZipFile$Source.isMetaName([BII)Z @ 57 c2
Event: 4.277 Thread 0x000001cffee70180 DEOPT PACKING pc=0x000001cf8af2ac18 sp=0x0000007eb42fbb70
Event: 4.277 Thread 0x000001cffee70180 DEOPT UNPACKING pc=0x000001cf8a9a69a3 sp=0x0000007eb42fbb00 mode 2
Event: 4.315 Thread 0x000001cffee70180 DEOPT PACKING pc=0x000001cf834e99c7 sp=0x0000007eb42fba80
Event: 4.315 Thread 0x000001cffee70180 DEOPT UNPACKING pc=0x000001cf8a9a7143 sp=0x0000007eb42faf48 mode 0
Event: 5.360 Thread 0x000001cffee70180 DEOPT PACKING pc=0x000001cf83521d0b sp=0x0000007eb42fa8e0
Event: 5.360 Thread 0x000001cffee70180 DEOPT UNPACKING pc=0x000001cf8a9a7143 sp=0x0000007eb42f9d40 mode 0
Event: 7.467 Thread 0x000001cffee70180 Uncommon trap: trap_request=0xffffff45 fr.pc=0x000001cf8af20e5c relative=0x000000000000005c
Event: 7.467 Thread 0x000001cffee70180 Uncommon trap: reason=unstable_if action=reinterpret pc=0x000001cf8af20e5c method=java.util.LinkedHashMap.afterNodeInsertion(Z)V @ 1 c2
Event: 7.467 Thread 0x000001cffee70180 DEOPT PACKING pc=0x000001cf8af20e5c sp=0x0000007eb42fcf50
Event: 7.467 Thread 0x000001cffee70180 DEOPT UNPACKING pc=0x000001cf8a9a69a3 sp=0x0000007eb42fced0 mode 2

Classes unloaded (0 events):
No events

Classes redefined (0 events):
No events

Internal exceptions (1 events):
Event: 1.532 Thread 0x000001cffee70180 Exception <a 'java/lang/NoSuchMethodError'{0x0000000714724408}: 'int java.lang.invoke.DirectMethodHandle$Holder.invokeStaticInit(java.lang.Object, java.lang.Object)'> (0x0000000714724408) 
thrown [s\src\hotspot\share\interpreter\linkResolver.cpp, line 771]

VM Operations (15 events):
Event: 1.297 Executing VM operation: HandshakeAllThreads
Event: 1.297 Executing VM operation: HandshakeAllThreads done
Event: 1.297 Executing VM operation: Cleanup
Event: 1.297 Executing VM operation: Cleanup done
Event: 3.305 Executing VM operation: Cleanup
Event: 3.305 Executing VM operation: Cleanup done
Event: 4.028 Executing VM operation: G1CollectForAllocation
Event: 4.044 Executing VM operation: G1CollectForAllocation done
Event: 5.046 Executing VM operation: Cleanup
Event: 5.046 Executing VM operation: Cleanup done
Event: 6.055 Executing VM operation: Cleanup
Event: 6.406 Executing VM operation: Cleanup done
Event: 7.416 Executing VM operation: Cleanup
Event: 7.458 Executing VM operation: Cleanup done
Event: 8.463 Executing VM operation: Cleanup

Events (20 events):
Event: 7.459 loading class sun/reflect/annotation/AnnotationType$1
Event: 7.459 loading class sun/reflect/annotation/AnnotationType$1 done
Event: 7.461 loading class sun/reflect/annotation/ExceptionProxy
Event: 7.461 loading class sun/reflect/annotation/ExceptionProxy done
Event: 7.461 loading class java/lang/annotation/Retention
Event: 7.461 loading class java/lang/annotation/Retention done
Event: 7.461 loading class java/lang/annotation/Inherited
Event: 7.461 loading class java/lang/annotation/Inherited done
Event: 7.461 loading class java/lang/annotation/RetentionPolicy
Event: 7.461 loading class java/lang/annotation/RetentionPolicy done
Event: 7.461 loading class java/lang/Class$3
Event: 7.461 loading class java/lang/Class$3 done
Event: 7.461 loading class sun/reflect/annotation/AnnotationTypeMismatchExceptionProxy
Event: 7.461 loading class sun/reflect/annotation/AnnotationTypeMismatchExceptionProxy done
Event: 7.461 loading class sun/reflect/annotation/AnnotationParser$1
Event: 7.461 loading class sun/reflect/annotation/AnnotationParser$1 done
Event: 7.461 loading class sun/reflect/annotation/AnnotationInvocationHandler
Event: 7.464 loading class sun/reflect/annotation/AnnotationInvocationHandler done
Event: 7.466 loading class java/lang/annotation/Target
Event: 7.466 loading class java/lang/annotation/Target done


Dynamic libraries:
0x00007ff799eb0000 - 0x00007ff799eba000 	C:\Program Files\Android\Android Studio\jbr\bin\java.exe
0x00007ffe122e0000 - 0x00007ffe12548000 	C:\WINDOWS\SYSTEM32\ntdll.dll
0x00007ffe11c90000 - 0x00007ffe11d59000 	C:\WINDOWS\System32\KERNEL32.DLL
0x00007ffe0f780000 - 0x00007ffe0fb78000 	C:\WINDOWS\System32\KERNELBASE.dll
0x00007ffe0ff30000 - 0x00007ffe1007b000 	C:\WINDOWS\System32\ucrtbase.dll
0x00007ffdd6d20000 - 0x00007ffdd6d37000 	C:\Program Files\Android\Android Studio\jbr\bin\jli.dll
0x00007ffdd5650000 - 0x00007ffdd566b000 	C:\Program Files\Android\Android Studio\jbr\bin\VCRUNTIME140.dll
0x00007ffe10280000 - 0x00007ffe10447000 	C:\WINDOWS\System32\USER32.dll
0x00007ffe0f6a0000 - 0x00007ffe0f6c7000 	C:\WINDOWS\System32\win32u.dll
0x00007ffe11410000 - 0x00007ffe1143b000 	C:\WINDOWS\System32\GDI32.dll
0x00007ffdf6e90000 - 0x00007ffdf7124000 	C:\WINDOWS\WinSxS\amd64_microsoft.windows.common-controls_6595b64144ccf1df_6.0.26100.7019_none_3e06ffa0e335b8a8\COMCTL32.dll
0x00007ffe0f430000 - 0x00007ffe0f55c000 	C:\WINDOWS\System32\gdi32full.dll
0x00007ffe0f6d0000 - 0x00007ffe0f773000 	C:\WINDOWS\System32\msvcp_win.dll
0x00007ffe11950000 - 0x00007ffe119f9000 	C:\WINDOWS\System32\msvcrt.dll
0x00007ffe10520000 - 0x00007ffe10551000 	C:\WINDOWS\System32\IMM32.DLL
0x00007ffdf8640000 - 0x00007ffdf864c000 	C:\Program Files\Android\Android Studio\jbr\bin\vcruntime140_1.dll
0x00007ffdb5060000 - 0x00007ffdb50ed000 	C:\Program Files\Android\Android Studio\jbr\bin\msvcp140.dll
0x00007ffd3e900000 - 0x00007ffd3f583000 	C:\Program Files\Android\Android Studio\jbr\bin\server\jvm.dll
0x00007ffe10460000 - 0x00007ffe10514000 	C:\WINDOWS\System32\ADVAPI32.dll
0x00007ffe121f0000 - 0x00007ffe12296000 	C:\WINDOWS\System32\sechost.dll
0x00007ffe11440000 - 0x00007ffe11558000 	C:\WINDOWS\System32\RPCRT4.dll
0x00007ffe0f290000 - 0x00007ffe0f2ee000 	C:\WINDOWS\SYSTEM32\POWRPROF.dll
0x00007ffdfd0b0000 - 0x00007ffdfd0bb000 	C:\WINDOWS\SYSTEM32\VERSION.dll
0x00007ffe09d40000 - 0x00007ffe09d75000 	C:\WINDOWS\SYSTEM32\WINMM.dll
0x00007ffdfe560000 - 0x00007ffdfe56a000 	C:\WINDOWS\SYSTEM32\WSOCK32.dll
0x00007ffe11a00000 - 0x00007ffe11a74000 	C:\WINDOWS\System32\WS2_32.dll
0x00007ffe0f270000 - 0x00007ffe0f284000 	C:\WINDOWS\SYSTEM32\UMPDC.dll
0x00007ffe0e1f0000 - 0x00007ffe0e20b000 	C:\WINDOWS\SYSTEM32\kernel.appcore.dll
0x00007ffdf5fe0000 - 0x00007ffdf5fea000 	C:\Program Files\Android\Android Studio\jbr\bin\jimage.dll
0x00007ffe0ca60000 - 0x00007ffe0cca2000 	C:\WINDOWS\SYSTEM32\DBGHELP.DLL
0x00007ffe10560000 - 0x00007ffe108eb000 	C:\WINDOWS\System32\combase.dll
0x00007ffe11700000 - 0x00007ffe117d7000 	C:\WINDOWS\System32\OLEAUT32.dll
0x00007ffdc9910000 - 0x00007ffdc994c000 	C:\WINDOWS\SYSTEM32\dbgcore.DLL
0x00007ffe0f560000 - 0x00007ffe0f605000 	C:\WINDOWS\System32\bcryptPrimitives.dll
0x00007ffdc8d80000 - 0x00007ffdc8da5000 	C:\Program Files\Android\Android Studio\jbr\bin\java.dll
0x00007ffddf420000 - 0x00007ffddf438000 	C:\Program Files\Android\Android Studio\jbr\bin\zip.dll
0x00007ffe108f0000 - 0x00007ffe1103f000 	C:\WINDOWS\System32\SHELL32.dll
0x00007ffe0fd00000 - 0x00007ffe0fe6b000 	C:\WINDOWS\System32\wintypes.dll
0x00007ffe0d050000 - 0x00007ffe0d8ad000 	C:\WINDOWS\SYSTEM32\windows.storage.dll
0x00007ffe115f0000 - 0x00007ffe116e2000 	C:\WINDOWS\System32\SHCORE.dll
0x00007ffe11c20000 - 0x00007ffe11c87000 	C:\WINDOWS\System32\shlwapi.dll
0x00007ffe0f350000 - 0x00007ffe0f379000 	C:\WINDOWS\SYSTEM32\profapi.dll
0x00007ffdd9e40000 - 0x00007ffdd9e59000 	C:\Program Files\Android\Android Studio\jbr\bin\net.dll
0x00007ffe009b0000 - 0x00007ffe00ad8000 	C:\WINDOWS\SYSTEM32\WINHTTP.dll
0x00007ffe0e760000 - 0x00007ffe0e7cb000 	C:\WINDOWS\system32\mswsock.dll
0x00007ffdd50c0000 - 0x00007ffdd50d6000 	C:\Program Files\Android\Android Studio\jbr\bin\nio.dll
0x00007ffdf3970000 - 0x00007ffdf3980000 	C:\Program Files\Android\Android Studio\jbr\bin\verify.dll

dbghelp: loaded successfully - version: 4.0.5 - missing functions: none
symbol engine: initialized successfully - sym options: 0x614 - pdb path: .;C:\Program Files\Android\Android Studio\jbr\bin;C:\WINDOWS\SYSTEM32;C:\WINDOWS\WinSxS\amd64_microsoft.windows.common-controls_6595b64144ccf1df_6.0.26100.7019_none_3e06ffa0e335b8a8;C:\Program Files\Android\Android Studio\jbr\bin\server

VM Arguments:
jvm_args: -Dorg.gradle.appname=gradlew 
java_command: org.gradle.wrapper.GradleWrapperMain -q -Ptarget-platform=android-arm64 -Ptarget=C:\Users\Juman\OneDrive\Desktop\smartvehicle-main\lib\main.dart -Pbase-application-name=android.app.Application -Pdart-defines=RkxVVFRFUl9WRVJTSU9OPTMuMzIuOA==,RkxVVFRFUl9DSEFOTkVMPXN0YWJsZQ==,RkxVVFRFUl9HSVRfVVJMPWh0dHBzOi8vZ2l0aHViLmNvbS9mbHV0dGVyL2ZsdXR0ZXIuZ2l0,RkxVVFRFUl9GUkFNRVdPUktfUkVWSVNJT049ZWRhZGE3YzU2ZQ==,RkxVVFRFUl9FTkdJTkVfUkVWSVNJT049ZWYwY2QwMDA5MQ==,RkxVVFRFUl9EQVJUX1ZFUlNJT049My44LjE= -Pdart-obfuscation=false -Ptrack-widget-creation=true -Ptree-shake-icons=false -Pfilesystem-scheme=org-dartlang-root assembleDebug
java_class_path (initial): C:\Users\Juman\OneDrive\Desktop\smartvehicle-main\android\\gradle\wrapper\gradle-wrapper.jar
Launcher Type: SUN_STANDARD

[Global flags]
     intx CICompilerCount                          = 4                                         {product} {ergonomic}
     uint ConcGCThreads                            = 3                                         {product} {ergonomic}
     uint G1ConcRefinementThreads                  = 10                                        {product} {ergonomic}
   size_t G1HeapRegionSize                         = 2097152                                   {product} {ergonomic}
    uintx GCDrainStackTargetSize                   = 64                                        {product} {ergonomic}
   size_t InitialHeapSize                          = 264241152                                 {product} {ergonomic}
   size_t MarkStackSize                            = 4194304                                   {product} {ergonomic}
   size_t MaxHeapSize                              = 4213178368                                {product} {ergonomic}
   size_t MaxNewSize                               = 2527068160                                {product} {ergonomic}
   size_t MinHeapDeltaBytes                        = 2097152                                   {product} {ergonomic}
   size_t MinHeapSize                              = 8388608                                   {product} {ergonomic}
    uintx NonNMethodCodeHeapSize                   = 5839372                                {pd product} {ergonomic}
    uintx NonProfiledCodeHeapSize                  = 122909434                              {pd product} {ergonomic}
    uintx ProfiledCodeHeapSize                     = 122909434                              {pd product} {ergonomic}
    uintx ReservedCodeCacheSize                    = 251658240                              {pd product} {ergonomic}
     bool SegmentedCodeCache                       = true                                      {product} {ergonomic}
   size_t SoftMaxHeapSize                          = 4213178368                             {manageable} {ergonomic}
     bool UseCompressedClassPointers               = true                           {product lp64_product} {ergonomic}
     bool UseCompressedOops                        = true                           {product lp64_product} {ergonomic}
     bool UseG1GC                                  = true                                      {product} {ergonomic}
     bool UseLargePagesIndividualAllocation        = false                                  {pd product} {ergonomic}

Logging:
Log output configuration:
 #0: stdout all=warning uptime,level,tags
 #1: stderr all=off uptime,level,tags

Environment Variables:
JAVA_HOME=C:\Program Files\Android\Android Studio\jbr
CLASSPATH=C:\Users\Juman\OneDrive\Desktop\smartvehicle-main\android\\gradle\wrapper\gradle-wrapper.jar
PATH=C:\Program Files\Android\Android Studio\jbr\bin;C:\flutter\bin\;C:\Program Files\Eclipse Adoptium\jdk-17.0.16.8-hotspot\bin;C:\WINDOWS\system32;C:\WINDOWS;C:\WINDOWS\System32\Wbem;C:\WINDOWS\System32\WindowsPowerShell\v1.0\;C:\WINDOWS\System32\OpenSSH\;C:\Program Files\dotnet\;C:\Program Files\nodejs\;C:\Program Files\Git\cmd;C:\Program Files (x86)\Windows Kits\10\Windows Performance Toolkit\;C:\Program Files\cursor\resources\app\bin;C:\Program Files\Eclipse Adoptium\jdk-17.0.16.8-hotspot\bin;C:\WINDOWS\system32;C:\WINDOWS;C:\WINDOWS\System32\Wbem;C:\WINDOWS\System32\WindowsPowerShell\v1.0\;C:\WINDOWS\System32\OpenSSH\;C:\Program Files\dotnet\;C:\Program Files\nodejs\;C:\Program Files\Git\cmd;C:\Program Files (x86)\Windows Kits\10\Windows Performance Toolkit\;C:\Program Files\cursor\resources\app\bin;C:\Users\Juman\AppData\Local\Pub\Cache\bin;C:\Users\Juman\AppData\Local\Programs\Microsoft VS Code\bin;c:\Users\Juman\.vscode\extensions\ms-python.debugpy-2025.16.0-win32-x64\bundled\scripts\noConfigScripts;C:\flutter\bin\mingit\cmd
USERNAME=Juman
LANG=en_US.UTF-8
OS=Windows_NT
PROCESSOR_IDENTIFIER=Intel64 Family 6 Model 186 Stepping 3, GenuineIntel
TMP=C:\Users\Juman\AppData\Local\Temp
TEMP=C:\Users\Juman\AppData\Local\Temp



Periodic native trim disabled

JNI global refs:
JNI global refs: 8, weak refs: 0

JNI global refs memory usage: 843, weak refs: 209

Process memory usage:
Resident Set Size: 90436K (0% of 16454352K total physical memory with 1098056K free physical memory)

OOME stack traces (most recent first):
Classloader memory used:
Loader bootstrap                                                                       : 1132K
Loader org.gradle.internal.classloader.VisitableURLClassLoader                         : 60025B
Loader java.net.URLClassLoader                                                         : 28654B
Loader jdk.internal.loader.ClassLoaders$AppClassLoader                                 : 18431B

Classes loaded by more than one classloader:
Class org.gradle.internal.service.UnknownServiceException                             : loaded 2 times (x 81B)
Class org.gradle.api.GradleException                                                  : loaded 2 times (x 80B)
Class org.gradle.internal.service.ServiceLookupException                              : loaded 2 times (x 80B)
Class org.gradle.internal.Cast                                                        : loaded 2 times (x 69B)
Class org.gradle.internal.InternalTransformer                                         : loaded 2 times (x 68B)
Class org.gradle.api.Action                                                           : loaded 2 times (x 68B)


---------------  S Y S T E M  ---------------

OS:
 Windows 11 , 64 bit Build 26100 (10.0.26100.7019)
OS uptime: 12 days 12:18 hours
Hyper-V role detected

CPU: total 12 (initial active 12) (6 cores per cpu, 2 threads per core) family 6 model 186 stepping 3 microcode 0x4128, cx8, cmov, fxsr, ht, mmx, 3dnowpref, sse, sse2, sse3, ssse3, sse4.1, sse4.2, popcnt, lzcnt, tsc, tscinvbit, avx, avx2, aes, erms, clmul, bmi1, bmi2, adx, sha, fma, vzeroupper, clflush, clflushopt, clwb, hv
Processor Information for processor 0
  Max Mhz: 1700, Current Mhz: 1700, Mhz Limit: 1700
Processor Information for processor 1
  Max Mhz: 1700, Current Mhz: 1700, Mhz Limit: 1700
Processor Information for processor 2
  Max Mhz: 1700, Current Mhz: 1700, Mhz Limit: 1700
Processor Information for processor 3
  Max Mhz: 1700, Current Mhz: 1700, Mhz Limit: 1700
Processor Information for processor 4
  Max Mhz: 1700, Current Mhz: 1700, Mhz Limit: 1700
Processor Information for processor 5
  Max Mhz: 1700, Current Mhz: 1700, Mhz Limit: 1700
Processor Information for processor 6
  Max Mhz: 1700, Current Mhz: 1558, Mhz Limit: 1700
Processor Information for processor 7
  Max Mhz: 1700, Current Mhz: 1700, Mhz Limit: 1700
Processor Information for processor 8
  Max Mhz: 1700, Current Mhz: 1700, Mhz Limit: 1700
Processor Information for processor 9
  Max Mhz: 1700, Current Mhz: 1700, Mhz Limit: 1700
Processor Information for processor 10
  Max Mhz: 1700, Current Mhz: 1700, Mhz Limit: 1700
Processor Information for processor 11
  Max Mhz: 1700, Current Mhz: 1700, Mhz Limit: 1700

Memory: 4k page, system-wide physical 16068M (1072M free)
TotalPageFile size 65220M (AvailPageFile size 9M)
current process WorkingSet (physical memory assigned to process): 88M, peak: 88M
current process commit charge ("private bytes"): 364M, peak: 366M

vm_info: OpenJDK 64-Bit Server VM (17.0.11+0--11852314) for windows-amd64 JRE (17.0.11+0--11852314), built on May 16 2024 21:29:20 by "androidbuild" with MS VC++ 16.10 / 16.11 (VS2019)

END.
